11-04-2020 22:48:10.316 [main] INFO  com.basket.app.BasketDataHandlerApp.logStarting - Starting BasketDataHandlerApp on Kunals-iMac.local with PID 866 (/Users/kunaldipti/scholarbasket/SERVERSIDE/ServiceSideBasketDataFetchService/target/classes started by kunaldipti in /Users/kunaldipti/scholarbasket/SERVERSIDE/ServiceSideBasketDataFetchService)
11-04-2020 22:48:10.319 [main] INFO  com.basket.app.BasketDataHandlerApp.logStartupProfileInfo - No active profile set, falling back to default profiles: default
11-04-2020 22:48:10.359 [main] INFO  o.s.b.w.s.c.AnnotationConfigServletWebServerApplicationContext.prepareRefresh - Refreshing org.springframework.boot.web.servlet.context.AnnotationConfigServletWebServerApplicationContext@b4711e2: startup date [Sat Apr 11 22:48:10 IST 2020]; root of context hierarchy
11-04-2020 22:48:11.360 [main] INFO  c.u.j.c.EnableEncryptablePropertiesBeanFactoryPostProcessor.postProcessBeanFactory - Post-processing PropertySource instances
11-04-2020 22:48:11.436 [main] INFO  c.u.j.EncryptablePropertySourceConverter.makeEncryptable - Converting PropertySource configurationProperties [org.springframework.boot.context.properties.source.ConfigurationPropertySourcesPropertySource] to AOP Proxy
11-04-2020 22:48:11.447 [main] INFO  c.u.j.EncryptablePropertySourceConverter.makeEncryptable - Converting PropertySource commandLineArgs [org.springframework.core.env.SimpleCommandLinePropertySource] to EncryptableEnumerablePropertySourceWrapper
11-04-2020 22:48:11.447 [main] INFO  c.u.j.EncryptablePropertySourceConverter.makeEncryptable - Converting PropertySource servletConfigInitParams [org.springframework.core.env.PropertySource$StubPropertySource] to EncryptablePropertySourceWrapper
11-04-2020 22:48:11.447 [main] INFO  c.u.j.EncryptablePropertySourceConverter.makeEncryptable - Converting PropertySource servletContextInitParams [org.springframework.core.env.PropertySource$StubPropertySource] to EncryptablePropertySourceWrapper
11-04-2020 22:48:11.447 [main] INFO  c.u.j.EncryptablePropertySourceConverter.makeEncryptable - Converting PropertySource systemProperties [org.springframework.core.env.MapPropertySource] to EncryptableMapPropertySourceWrapper
11-04-2020 22:48:11.447 [main] INFO  c.u.j.EncryptablePropertySourceConverter.makeEncryptable - Converting PropertySource systemEnvironment [org.springframework.boot.env.SystemEnvironmentPropertySourceEnvironmentPostProcessor$OriginAwareSystemEnvironmentPropertySource] to EncryptableMapPropertySourceWrapper
11-04-2020 22:48:11.448 [main] INFO  c.u.j.EncryptablePropertySourceConverter.makeEncryptable - Converting PropertySource random [org.springframework.boot.env.RandomValuePropertySource] to EncryptablePropertySourceWrapper
11-04-2020 22:48:11.448 [main] INFO  c.u.j.EncryptablePropertySourceConverter.makeEncryptable - Converting PropertySource applicationConfig: [classpath:/application.properties] [org.springframework.boot.env.OriginTrackedMapPropertySource] to EncryptableMapPropertySourceWrapper
11-04-2020 22:48:11.965 [main] INFO  o.s.b.w.e.tomcat.TomcatWebServer.initialize - Tomcat initialized with port(s): 8080 (http)
11-04-2020 22:48:11.982 [main] INFO  o.a.coyote.http11.Http11NioProtocol.log - Initializing ProtocolHandler ["http-nio-8080"]
11-04-2020 22:48:12.003 [main] INFO  o.a.catalina.core.StandardService.log - Starting service [Tomcat]
11-04-2020 22:48:12.003 [main] INFO  o.a.catalina.core.StandardEngine.log - Starting Servlet Engine: Apache Tomcat/8.5.34
11-04-2020 22:48:12.015 [localhost-startStop-1] INFO  o.a.c.core.AprLifecycleListener.log - The APR based Apache Tomcat Native library which allows optimal performance in production environments was not found on the java.library.path: [/Users/kunaldipti/Library/Java/Extensions:/Library/Java/Extensions:/Network/Library/Java/Extensions:/System/Library/Java/Extensions:/usr/lib/java:.]
11-04-2020 22:48:12.139 [localhost-startStop-1] INFO  o.a.c.c.C.[Tomcat].[localhost].[/].log - Initializing Spring embedded WebApplicationContext
11-04-2020 22:48:12.140 [localhost-startStop-1] INFO  o.s.web.context.ContextLoader.prepareWebApplicationContext - Root WebApplicationContext: initialization completed in 1780 ms
11-04-2020 22:48:12.156 [localhost-startStop-1] INFO  c.u.j.r.DefaultLazyPropertyResolver.lambda$new$2 - Property Resolver custom Bean not found with name 'encryptablePropertyResolver'. Initializing Default Property Resolver
11-04-2020 22:48:12.179 [localhost-startStop-1] INFO  c.u.j.d.DefaultLazyPropertyDetector.lambda$new$2 - Property Detector custom Bean not found with name 'encryptablePropertyDetector'. Initializing Default Property Detector
11-04-2020 22:48:12.312 [localhost-startStop-1] INFO  c.d.driver.core.GuavaCompatibility.selectImplementation - Detected Guava >= 19 in the classpath, using modern compatibility layer
11-04-2020 22:48:12.624 [localhost-startStop-1] INFO  c.datastax.driver.core.ClockFactory.newInstance - Using native clock to generate timestamps.
11-04-2020 22:48:12.784 [localhost-startStop-1] INFO  com.datastax.driver.core.NettyUtil.<clinit> - Did not find Netty's native epoll transport in the classpath, defaulting to NIO.
11-04-2020 22:48:13.049 [localhost-startStop-1] ERROR o.s.b.w.e.tomcat.TomcatStarter.onStartup - Error starting Tomcat context. Exception: org.springframework.beans.factory.UnsatisfiedDependencyException. Message: Error creating bean with name 'jwtRequestFilter': Unsatisfied dependency expressed through field 'userDetailsService'; nested exception is org.springframework.beans.factory.UnsatisfiedDependencyException: Error creating bean with name 'userDetailsService': Unsatisfied dependency expressed through field 'userService'; nested exception is org.springframework.beans.factory.UnsatisfiedDependencyException: Error creating bean with name 'userService': Unsatisfied dependency expressed through field 'userRepository'; nested exception is org.springframework.beans.factory.UnsatisfiedDependencyException: Error creating bean with name 'basketUserRepo' defined in file [/Users/kunaldipti/scholarbasket/SERVERSIDE/ServiceSideBasketDataFetchService/target/classes/com/basket/app/repo/BasketUserRepo.class]: Unsatisfied dependency expressed through constructor parameter 0; nested exception is org.springframework.beans.factory.UnsatisfiedDependencyException: Error creating bean with name 'mappingManager' defined in class path resource [com/basket/app/config/CassandraConfig.class]: Unsatisfied dependency expressed through method 'mappingManager' parameter 0; nested exception is org.springframework.beans.factory.BeanCreationException: Error creating bean with name 'session' defined in class path resource [com/basket/app/config/CassandraConfig.class]: Bean instantiation via factory method failed; nested exception is org.springframework.beans.BeanInstantiationException: Failed to instantiate [com.datastax.driver.core.Session]: Factory method 'session' threw exception; nested exception is com.datastax.driver.core.exceptions.NoHostAvailableException: All host(s) tried for query failed (tried: /127.0.0.1:9042 (com.datastax.driver.core.exceptions.TransportException: [/127.0.0.1:9042] Cannot connect))
11-04-2020 22:48:13.080 [main] INFO  o.a.catalina.core.StandardService.log - Stopping service [Tomcat]
11-04-2020 22:48:13.099 [localhost-startStop-1] WARN  o.a.c.loader.WebappClassLoaderBase.log - The web application [ROOT] appears to have started a thread named [Cluster-connection-reaper-0] but has failed to stop it. This is very likely to create a memory leak. Stack trace of thread:
 java.base@11.0.4/jdk.internal.misc.Unsafe.park(Native Method)
 java.base@11.0.4/java.util.concurrent.locks.LockSupport.parkNanos(LockSupport.java:234)
 java.base@11.0.4/java.util.concurrent.locks.AbstractQueuedSynchronizer$ConditionObject.awaitNanos(AbstractQueuedSynchronizer.java:2123)
 java.base@11.0.4/java.util.concurrent.ScheduledThreadPoolExecutor$DelayedWorkQueue.take(ScheduledThreadPoolExecutor.java:1182)
 java.base@11.0.4/java.util.concurrent.ScheduledThreadPoolExecutor$DelayedWorkQueue.take(ScheduledThreadPoolExecutor.java:899)
 java.base@11.0.4/java.util.concurrent.ThreadPoolExecutor.getTask(ThreadPoolExecutor.java:1054)
 java.base@11.0.4/java.util.concurrent.ThreadPoolExecutor.runWorker(ThreadPoolExecutor.java:1114)
 java.base@11.0.4/java.util.concurrent.ThreadPoolExecutor$Worker.run(ThreadPoolExecutor.java:628)
 app//io.netty.util.concurrent.FastThreadLocalRunnable.run(FastThreadLocalRunnable.java:30)
 java.base@11.0.4/java.lang.Thread.run(Thread.java:834)
11-04-2020 22:48:13.099 [localhost-startStop-1] WARN  o.a.c.loader.WebappClassLoaderBase.log - The web application [ROOT] appears to have started a thread named [Cluster-nio-worker-0] but has failed to stop it. This is very likely to create a memory leak. Stack trace of thread:
 java.base@11.0.4/java.lang.Thread.sleep(Native Method)
 app//io.netty.util.concurrent.SingleThreadEventExecutor.confirmShutdown(SingleThreadEventExecutor.java:728)
 app//io.netty.channel.nio.NioEventLoop.run(NioEventLoop.java:456)
 app//io.netty.util.concurrent.SingleThreadEventExecutor$5.run(SingleThreadEventExecutor.java:884)
 app//io.netty.util.concurrent.FastThreadLocalRunnable.run(FastThreadLocalRunnable.java:30)
 java.base@11.0.4/java.lang.Thread.run(Thread.java:834)
11-04-2020 22:48:13.100 [localhost-startStop-1] WARN  o.a.c.loader.WebappClassLoaderBase.log - The web application [ROOT] appears to have started a thread named [Shutdown-checker] but has failed to stop it. This is very likely to create a memory leak. Stack trace of thread:
 java.base@11.0.4/java.lang.Object.wait(Native Method)
 java.base@11.0.4/java.lang.Object.wait(Object.java:328)
 app//io.netty.util.concurrent.DefaultPromise.awaitUninterruptibly(DefaultPromise.java:253)
 app//io.netty.util.concurrent.DefaultPromise.syncUninterruptibly(DefaultPromise.java:344)
 app//io.netty.util.concurrent.DefaultPromise.syncUninterruptibly(DefaultPromise.java:33)
 app//com.datastax.driver.core.NettyOptions.onClusterClose(NettyOptions.java:193)
 app//com.datastax.driver.core.Connection$Factory.shutdown(Connection.java:917)
 app//com.datastax.driver.core.Cluster$Manager$ClusterCloseFuture$1.run(Cluster.java:2603)
11-04-2020 22:48:13.100 [localhost-startStop-1] WARN  o.a.c.loader.WebappClassLoaderBase.log - The web application [ROOT] appears to have started a thread named [Cluster-nio-worker-1] but has failed to stop it. This is very likely to create a memory leak. Stack trace of thread:
 java.base@11.0.4/java.lang.Thread.sleep(Native Method)
 app//io.netty.util.concurrent.SingleThreadEventExecutor.confirmShutdown(SingleThreadEventExecutor.java:728)
 app//io.netty.channel.nio.NioEventLoop.run(NioEventLoop.java:456)
 app//io.netty.util.concurrent.SingleThreadEventExecutor$5.run(SingleThreadEventExecutor.java:884)
 app//io.netty.util.concurrent.FastThreadLocalRunnable.run(FastThreadLocalRunnable.java:30)
 java.base@11.0.4/java.lang.Thread.run(Thread.java:834)
11-04-2020 22:48:13.100 [localhost-startStop-1] WARN  o.a.c.loader.WebappClassLoaderBase.log - The web application [ROOT] appears to have started a thread named [Cluster-nio-worker-2] but has failed to stop it. This is very likely to create a memory leak. Stack trace of thread:
 java.base@11.0.4/java.lang.Thread.sleep(Native Method)
 app//io.netty.util.concurrent.SingleThreadEventExecutor.confirmShutdown(SingleThreadEventExecutor.java:728)
 app//io.netty.channel.nio.NioEventLoop.run(NioEventLoop.java:456)
 app//io.netty.util.concurrent.SingleThreadEventExecutor$5.run(SingleThreadEventExecutor.java:884)
 app//io.netty.util.concurrent.FastThreadLocalRunnable.run(FastThreadLocalRunnable.java:30)
 java.base@11.0.4/java.lang.Thread.run(Thread.java:834)
11-04-2020 22:48:13.100 [localhost-startStop-1] WARN  o.a.c.loader.WebappClassLoaderBase.log - The web application [ROOT] appears to have started a thread named [Cluster-nio-worker-3] but has failed to stop it. This is very likely to create a memory leak. Stack trace of thread:
 java.base@11.0.4/java.lang.Thread.sleep(Native Method)
 app//io.netty.util.concurrent.SingleThreadEventExecutor.confirmShutdown(SingleThreadEventExecutor.java:728)
 app//io.netty.channel.nio.NioEventLoop.run(NioEventLoop.java:456)
 app//io.netty.util.concurrent.SingleThreadEventExecutor$5.run(SingleThreadEventExecutor.java:884)
 app//io.netty.util.concurrent.FastThreadLocalRunnable.run(FastThreadLocalRunnable.java:30)
 java.base@11.0.4/java.lang.Thread.run(Thread.java:834)
11-04-2020 22:48:13.101 [localhost-startStop-1] WARN  o.a.c.loader.WebappClassLoaderBase.log - The web application [ROOT] appears to have started a thread named [Cluster-nio-worker-4] but has failed to stop it. This is very likely to create a memory leak. Stack trace of thread:
 java.base@11.0.4/java.lang.Thread.sleep(Native Method)
 app//io.netty.util.concurrent.SingleThreadEventExecutor.confirmShutdown(SingleThreadEventExecutor.java:728)
 app//io.netty.channel.nio.NioEventLoop.run(NioEventLoop.java:456)
 app//io.netty.util.concurrent.SingleThreadEventExecutor$5.run(SingleThreadEventExecutor.java:884)
 app//io.netty.util.concurrent.FastThreadLocalRunnable.run(FastThreadLocalRunnable.java:30)
 java.base@11.0.4/java.lang.Thread.run(Thread.java:834)
11-04-2020 22:48:13.101 [localhost-startStop-1] WARN  o.a.c.loader.WebappClassLoaderBase.log - The web application [ROOT] appears to have started a thread named [Cluster-nio-worker-5] but has failed to stop it. This is very likely to create a memory leak. Stack trace of thread:
 java.base@11.0.4/java.lang.Thread.sleep(Native Method)
 app//io.netty.util.concurrent.SingleThreadEventExecutor.confirmShutdown(SingleThreadEventExecutor.java:728)
 app//io.netty.channel.nio.NioEventLoop.run(NioEventLoop.java:456)
 app//io.netty.util.concurrent.SingleThreadEventExecutor$5.run(SingleThreadEventExecutor.java:884)
 app//io.netty.util.concurrent.FastThreadLocalRunnable.run(FastThreadLocalRunnable.java:30)
 java.base@11.0.4/java.lang.Thread.run(Thread.java:834)
11-04-2020 22:48:13.101 [localhost-startStop-1] WARN  o.a.c.loader.WebappClassLoaderBase.log - The web application [ROOT] appears to have started a thread named [Cluster-nio-worker-6] but has failed to stop it. This is very likely to create a memory leak. Stack trace of thread:
 java.base@11.0.4/java.lang.Thread.sleep(Native Method)
 app//io.netty.util.concurrent.SingleThreadEventExecutor.confirmShutdown(SingleThreadEventExecutor.java:728)
 app//io.netty.channel.nio.NioEventLoop.run(NioEventLoop.java:456)
 app//io.netty.util.concurrent.SingleThreadEventExecutor$5.run(SingleThreadEventExecutor.java:884)
 app//io.netty.util.concurrent.FastThreadLocalRunnable.run(FastThreadLocalRunnable.java:30)
 java.base@11.0.4/java.lang.Thread.run(Thread.java:834)
11-04-2020 22:48:13.102 [localhost-startStop-1] WARN  o.a.c.loader.WebappClassLoaderBase.log - The web application [ROOT] appears to have started a thread named [Cluster-nio-worker-7] but has failed to stop it. This is very likely to create a memory leak. Stack trace of thread:
 java.base@11.0.4/java.lang.Thread.sleep(Native Method)
 app//io.netty.util.concurrent.SingleThreadEventExecutor.confirmShutdown(SingleThreadEventExecutor.java:728)
 app//io.netty.channel.nio.NioEventLoop.run(NioEventLoop.java:456)
 app//io.netty.util.concurrent.SingleThreadEventExecutor$5.run(SingleThreadEventExecutor.java:884)
 app//io.netty.util.concurrent.FastThreadLocalRunnable.run(FastThreadLocalRunnable.java:30)
 java.base@11.0.4/java.lang.Thread.run(Thread.java:834)
11-04-2020 22:48:13.102 [localhost-startStop-1] WARN  o.a.c.loader.WebappClassLoaderBase.log - The web application [ROOT] appears to have started a thread named [Cluster-nio-worker-8] but has failed to stop it. This is very likely to create a memory leak. Stack trace of thread:
 java.base@11.0.4/java.lang.Thread.sleep(Native Method)
 app//io.netty.util.concurrent.SingleThreadEventExecutor.confirmShutdown(SingleThreadEventExecutor.java:728)
 app//io.netty.channel.nio.NioEventLoop.run(NioEventLoop.java:456)
 app//io.netty.util.concurrent.SingleThreadEventExecutor$5.run(SingleThreadEventExecutor.java:884)
 app//io.netty.util.concurrent.FastThreadLocalRunnable.run(FastThreadLocalRunnable.java:30)
 java.base@11.0.4/java.lang.Thread.run(Thread.java:834)
11-04-2020 22:48:13.102 [localhost-startStop-1] WARN  o.a.c.loader.WebappClassLoaderBase.log - The web application [ROOT] appears to have started a thread named [Cluster-nio-worker-9] but has failed to stop it. This is very likely to create a memory leak. Stack trace of thread:
 java.base@11.0.4/java.lang.Thread.sleep(Native Method)
 app//io.netty.util.concurrent.SingleThreadEventExecutor.confirmShutdown(SingleThreadEventExecutor.java:728)
 app//io.netty.channel.nio.NioEventLoop.run(NioEventLoop.java:456)
 app//io.netty.util.concurrent.SingleThreadEventExecutor$5.run(SingleThreadEventExecutor.java:884)
 app//io.netty.util.concurrent.FastThreadLocalRunnable.run(FastThreadLocalRunnable.java:30)
 java.base@11.0.4/java.lang.Thread.run(Thread.java:834)
11-04-2020 22:48:13.102 [localhost-startStop-1] WARN  o.a.c.loader.WebappClassLoaderBase.log - The web application [ROOT] appears to have started a thread named [Cluster-nio-worker-10] but has failed to stop it. This is very likely to create a memory leak. Stack trace of thread:
 java.base@11.0.4/java.lang.Thread.sleep(Native Method)
 app//io.netty.util.concurrent.SingleThreadEventExecutor.confirmShutdown(SingleThreadEventExecutor.java:728)
 app//io.netty.channel.nio.NioEventLoop.run(NioEventLoop.java:456)
 app//io.netty.util.concurrent.SingleThreadEventExecutor$5.run(SingleThreadEventExecutor.java:884)
 app//io.netty.util.concurrent.FastThreadLocalRunnable.run(FastThreadLocalRunnable.java:30)
 java.base@11.0.4/java.lang.Thread.run(Thread.java:834)
11-04-2020 22:48:13.103 [localhost-startStop-1] WARN  o.a.c.loader.WebappClassLoaderBase.log - The web application [ROOT] appears to have started a thread named [Cluster-nio-worker-11] but has failed to stop it. This is very likely to create a memory leak. Stack trace of thread:
 java.base@11.0.4/java.lang.Thread.sleep(Native Method)
 app//io.netty.util.concurrent.SingleThreadEventExecutor.confirmShutdown(SingleThreadEventExecutor.java:728)
 app//io.netty.channel.nio.NioEventLoop.run(NioEventLoop.java:456)
 app//io.netty.util.concurrent.SingleThreadEventExecutor$5.run(SingleThreadEventExecutor.java:884)
 app//io.netty.util.concurrent.FastThreadLocalRunnable.run(FastThreadLocalRunnable.java:30)
 java.base@11.0.4/java.lang.Thread.run(Thread.java:834)
11-04-2020 22:48:13.105 [main] WARN  o.s.b.w.s.c.AnnotationConfigServletWebServerApplicationContext.refresh - Exception encountered during context initialization - cancelling refresh attempt: org.springframework.context.ApplicationContextException: Unable to start web server; nested exception is org.springframework.boot.web.server.WebServerException: Unable to start embedded Tomcat
11-04-2020 22:48:15.347 [main] INFO  o.s.b.a.l.ConditionEvaluationReportLoggingListener.logAutoConfigurationReport - 

Error starting ApplicationContext. To display the conditions report re-run your application with 'debug' enabled.
11-04-2020 22:48:15.358 [main] ERROR o.s.boot.SpringApplication.reportFailure - Application run failed
org.springframework.context.ApplicationContextException: Unable to start web server; nested exception is org.springframework.boot.web.server.WebServerException: Unable to start embedded Tomcat
	at org.springframework.boot.web.servlet.context.ServletWebServerApplicationContext.onRefresh(ServletWebServerApplicationContext.java:155)
	at org.springframework.context.support.AbstractApplicationContext.refresh(AbstractApplicationContext.java:544)
	at org.springframework.boot.web.servlet.context.ServletWebServerApplicationContext.refresh(ServletWebServerApplicationContext.java:140)
	at org.springframework.boot.SpringApplication.refresh(SpringApplication.java:780)
	at org.springframework.boot.SpringApplication.refreshContext(SpringApplication.java:412)
	at org.springframework.boot.SpringApplication.run(SpringApplication.java:333)
	at org.springframework.boot.SpringApplication.run(SpringApplication.java:1277)
	at org.springframework.boot.SpringApplication.run(SpringApplication.java:1265)
	at com.basket.app.BasketDataHandlerApp.main(BasketDataHandlerApp.java:9)
Caused by: org.springframework.boot.web.server.WebServerException: Unable to start embedded Tomcat
	at org.springframework.boot.web.embedded.tomcat.TomcatWebServer.initialize(TomcatWebServer.java:126)
	at org.springframework.boot.web.embedded.tomcat.TomcatWebServer.<init>(TomcatWebServer.java:86)
	at org.springframework.boot.web.embedded.tomcat.TomcatServletWebServerFactory.getTomcatWebServer(TomcatServletWebServerFactory.java:413)
	at org.springframework.boot.web.embedded.tomcat.TomcatServletWebServerFactory.getWebServer(TomcatServletWebServerFactory.java:174)
	at org.springframework.boot.web.servlet.context.ServletWebServerApplicationContext.createWebServer(ServletWebServerApplicationContext.java:179)
	at org.springframework.boot.web.servlet.context.ServletWebServerApplicationContext.onRefresh(ServletWebServerApplicationContext.java:152)
	... 8 common frames omitted
Caused by: org.springframework.beans.factory.UnsatisfiedDependencyException: Error creating bean with name 'jwtRequestFilter': Unsatisfied dependency expressed through field 'userDetailsService'; nested exception is org.springframework.beans.factory.UnsatisfiedDependencyException: Error creating bean with name 'userDetailsService': Unsatisfied dependency expressed through field 'userService'; nested exception is org.springframework.beans.factory.UnsatisfiedDependencyException: Error creating bean with name 'userService': Unsatisfied dependency expressed through field 'userRepository'; nested exception is org.springframework.beans.factory.UnsatisfiedDependencyException: Error creating bean with name 'basketUserRepo' defined in file [/Users/kunaldipti/scholarbasket/SERVERSIDE/ServiceSideBasketDataFetchService/target/classes/com/basket/app/repo/BasketUserRepo.class]: Unsatisfied dependency expressed through constructor parameter 0; nested exception is org.springframework.beans.factory.UnsatisfiedDependencyException: Error creating bean with name 'mappingManager' defined in class path resource [com/basket/app/config/CassandraConfig.class]: Unsatisfied dependency expressed through method 'mappingManager' parameter 0; nested exception is org.springframework.beans.factory.BeanCreationException: Error creating bean with name 'session' defined in class path resource [com/basket/app/config/CassandraConfig.class]: Bean instantiation via factory method failed; nested exception is org.springframework.beans.BeanInstantiationException: Failed to instantiate [com.datastax.driver.core.Session]: Factory method 'session' threw exception; nested exception is com.datastax.driver.core.exceptions.NoHostAvailableException: All host(s) tried for query failed (tried: /127.0.0.1:9042 (com.datastax.driver.core.exceptions.TransportException: [/127.0.0.1:9042] Cannot connect))
	at org.springframework.beans.factory.annotation.AutowiredAnnotationBeanPostProcessor$AutowiredFieldElement.inject(AutowiredAnnotationBeanPostProcessor.java:586)
	at org.springframework.beans.factory.annotation.InjectionMetadata.inject(InjectionMetadata.java:90)
	at org.springframework.beans.factory.annotation.AutowiredAnnotationBeanPostProcessor.postProcessPropertyValues(AutowiredAnnotationBeanPostProcessor.java:372)
	at org.springframework.beans.factory.support.AbstractAutowireCapableBeanFactory.populateBean(AbstractAutowireCapableBeanFactory.java:1341)
	at org.springframework.beans.factory.support.AbstractAutowireCapableBeanFactory.doCreateBean(AbstractAutowireCapableBeanFactory.java:572)
	at org.springframework.beans.factory.support.AbstractAutowireCapableBeanFactory.createBean(AbstractAutowireCapableBeanFactory.java:495)
	at org.springframework.beans.factory.support.AbstractBeanFactory.lambda$doGetBean$0(AbstractBeanFactory.java:317)
	at org.springframework.beans.factory.support.DefaultSingletonBeanRegistry.getSingleton(DefaultSingletonBeanRegistry.java:222)
	at org.springframework.beans.factory.support.AbstractBeanFactory.doGetBean(AbstractBeanFactory.java:315)
	at org.springframework.beans.factory.support.AbstractBeanFactory.getBean(AbstractBeanFactory.java:204)
	at org.springframework.boot.web.servlet.ServletContextInitializerBeans.getOrderedBeansOfType(ServletContextInitializerBeans.java:226)
	at org.springframework.boot.web.servlet.ServletContextInitializerBeans.addAsRegistrationBean(ServletContextInitializerBeans.java:182)
	at org.springframework.boot.web.servlet.ServletContextInitializerBeans.addAsRegistrationBean(ServletContextInitializerBeans.java:177)
	at org.springframework.boot.web.servlet.ServletContextInitializerBeans.addAdaptableBeans(ServletContextInitializerBeans.java:159)
	at org.springframework.boot.web.servlet.ServletContextInitializerBeans.<init>(ServletContextInitializerBeans.java:81)
	at org.springframework.boot.web.servlet.context.ServletWebServerApplicationContext.getServletContextInitializerBeans(ServletWebServerApplicationContext.java:250)
	at org.springframework.boot.web.servlet.context.ServletWebServerApplicationContext.selfInitialize(ServletWebServerApplicationContext.java:237)
	at org.springframework.boot.web.embedded.tomcat.TomcatStarter.onStartup(TomcatStarter.java:54)
	at org.apache.catalina.core.StandardContext.startInternal(StandardContext.java:5245)
	at org.apache.catalina.util.LifecycleBase.start(LifecycleBase.java:150)
	at org.apache.catalina.core.ContainerBase$StartChild.call(ContainerBase.java:1420)
	at org.apache.catalina.core.ContainerBase$StartChild.call(ContainerBase.java:1410)
	at java.base/java.util.concurrent.FutureTask.run(FutureTask.java:264)
	at java.base/java.util.concurrent.ThreadPoolExecutor.runWorker(ThreadPoolExecutor.java:1128)
	at java.base/java.util.concurrent.ThreadPoolExecutor$Worker.run(ThreadPoolExecutor.java:628)
	at java.base/java.lang.Thread.run(Thread.java:834)
Caused by: org.springframework.beans.factory.UnsatisfiedDependencyException: Error creating bean with name 'userDetailsService': Unsatisfied dependency expressed through field 'userService'; nested exception is org.springframework.beans.factory.UnsatisfiedDependencyException: Error creating bean with name 'userService': Unsatisfied dependency expressed through field 'userRepository'; nested exception is org.springframework.beans.factory.UnsatisfiedDependencyException: Error creating bean with name 'basketUserRepo' defined in file [/Users/kunaldipti/scholarbasket/SERVERSIDE/ServiceSideBasketDataFetchService/target/classes/com/basket/app/repo/BasketUserRepo.class]: Unsatisfied dependency expressed through constructor parameter 0; nested exception is org.springframework.beans.factory.UnsatisfiedDependencyException: Error creating bean with name 'mappingManager' defined in class path resource [com/basket/app/config/CassandraConfig.class]: Unsatisfied dependency expressed through method 'mappingManager' parameter 0; nested exception is org.springframework.beans.factory.BeanCreationException: Error creating bean with name 'session' defined in class path resource [com/basket/app/config/CassandraConfig.class]: Bean instantiation via factory method failed; nested exception is org.springframework.beans.BeanInstantiationException: Failed to instantiate [com.datastax.driver.core.Session]: Factory method 'session' threw exception; nested exception is com.datastax.driver.core.exceptions.NoHostAvailableException: All host(s) tried for query failed (tried: /127.0.0.1:9042 (com.datastax.driver.core.exceptions.TransportException: [/127.0.0.1:9042] Cannot connect))
	at org.springframework.beans.factory.annotation.AutowiredAnnotationBeanPostProcessor$AutowiredFieldElement.inject(AutowiredAnnotationBeanPostProcessor.java:586)
	at org.springframework.beans.factory.annotation.InjectionMetadata.inject(InjectionMetadata.java:90)
	at org.springframework.beans.factory.annotation.AutowiredAnnotationBeanPostProcessor.postProcessPropertyValues(AutowiredAnnotationBeanPostProcessor.java:372)
	at org.springframework.beans.factory.support.AbstractAutowireCapableBeanFactory.populateBean(AbstractAutowireCapableBeanFactory.java:1341)
	at org.springframework.beans.factory.support.AbstractAutowireCapableBeanFactory.doCreateBean(AbstractAutowireCapableBeanFactory.java:572)
	at org.springframework.beans.factory.support.AbstractAutowireCapableBeanFactory.createBean(AbstractAutowireCapableBeanFactory.java:495)
	at org.springframework.beans.factory.support.AbstractBeanFactory.lambda$doGetBean$0(AbstractBeanFactory.java:317)
	at org.springframework.beans.factory.support.DefaultSingletonBeanRegistry.getSingleton(DefaultSingletonBeanRegistry.java:222)
	at org.springframework.beans.factory.support.AbstractBeanFactory.doGetBean(AbstractBeanFactory.java:315)
	at org.springframework.beans.factory.support.AbstractBeanFactory.getBean(AbstractBeanFactory.java:199)
	at org.springframework.beans.factory.config.DependencyDescriptor.resolveCandidate(DependencyDescriptor.java:251)
	at org.springframework.beans.factory.support.DefaultListableBeanFactory.doResolveDependency(DefaultListableBeanFactory.java:1135)
	at org.springframework.beans.factory.support.DefaultListableBeanFactory.resolveDependency(DefaultListableBeanFactory.java:1062)
	at org.springframework.beans.factory.annotation.AutowiredAnnotationBeanPostProcessor$AutowiredFieldElement.inject(AutowiredAnnotationBeanPostProcessor.java:583)
	... 25 common frames omitted
Caused by: org.springframework.beans.factory.UnsatisfiedDependencyException: Error creating bean with name 'userService': Unsatisfied dependency expressed through field 'userRepository'; nested exception is org.springframework.beans.factory.UnsatisfiedDependencyException: Error creating bean with name 'basketUserRepo' defined in file [/Users/kunaldipti/scholarbasket/SERVERSIDE/ServiceSideBasketDataFetchService/target/classes/com/basket/app/repo/BasketUserRepo.class]: Unsatisfied dependency expressed through constructor parameter 0; nested exception is org.springframework.beans.factory.UnsatisfiedDependencyException: Error creating bean with name 'mappingManager' defined in class path resource [com/basket/app/config/CassandraConfig.class]: Unsatisfied dependency expressed through method 'mappingManager' parameter 0; nested exception is org.springframework.beans.factory.BeanCreationException: Error creating bean with name 'session' defined in class path resource [com/basket/app/config/CassandraConfig.class]: Bean instantiation via factory method failed; nested exception is org.springframework.beans.BeanInstantiationException: Failed to instantiate [com.datastax.driver.core.Session]: Factory method 'session' threw exception; nested exception is com.datastax.driver.core.exceptions.NoHostAvailableException: All host(s) tried for query failed (tried: /127.0.0.1:9042 (com.datastax.driver.core.exceptions.TransportException: [/127.0.0.1:9042] Cannot connect))
	at org.springframework.beans.factory.annotation.AutowiredAnnotationBeanPostProcessor$AutowiredFieldElement.inject(AutowiredAnnotationBeanPostProcessor.java:586)
	at org.springframework.beans.factory.annotation.InjectionMetadata.inject(InjectionMetadata.java:90)
	at org.springframework.beans.factory.annotation.AutowiredAnnotationBeanPostProcessor.postProcessPropertyValues(AutowiredAnnotationBeanPostProcessor.java:372)
	at org.springframework.beans.factory.support.AbstractAutowireCapableBeanFactory.populateBean(AbstractAutowireCapableBeanFactory.java:1341)
	at org.springframework.beans.factory.support.AbstractAutowireCapableBeanFactory.doCreateBean(AbstractAutowireCapableBeanFactory.java:572)
	at org.springframework.beans.factory.support.AbstractAutowireCapableBeanFactory.createBean(AbstractAutowireCapableBeanFactory.java:495)
	at org.springframework.beans.factory.support.AbstractBeanFactory.lambda$doGetBean$0(AbstractBeanFactory.java:317)
	at org.springframework.beans.factory.support.DefaultSingletonBeanRegistry.getSingleton(DefaultSingletonBeanRegistry.java:222)
	at org.springframework.beans.factory.support.AbstractBeanFactory.doGetBean(AbstractBeanFactory.java:315)
	at org.springframework.beans.factory.support.AbstractBeanFactory.getBean(AbstractBeanFactory.java:199)
	at org.springframework.beans.factory.config.DependencyDescriptor.resolveCandidate(DependencyDescriptor.java:251)
	at org.springframework.beans.factory.support.DefaultListableBeanFactory.doResolveDependency(DefaultListableBeanFactory.java:1135)
	at org.springframework.beans.factory.support.DefaultListableBeanFactory.resolveDependency(DefaultListableBeanFactory.java:1062)
	at org.springframework.beans.factory.annotation.AutowiredAnnotationBeanPostProcessor$AutowiredFieldElement.inject(AutowiredAnnotationBeanPostProcessor.java:583)
	... 38 common frames omitted
Caused by: org.springframework.beans.factory.UnsatisfiedDependencyException: Error creating bean with name 'basketUserRepo' defined in file [/Users/kunaldipti/scholarbasket/SERVERSIDE/ServiceSideBasketDataFetchService/target/classes/com/basket/app/repo/BasketUserRepo.class]: Unsatisfied dependency expressed through constructor parameter 0; nested exception is org.springframework.beans.factory.UnsatisfiedDependencyException: Error creating bean with name 'mappingManager' defined in class path resource [com/basket/app/config/CassandraConfig.class]: Unsatisfied dependency expressed through method 'mappingManager' parameter 0; nested exception is org.springframework.beans.factory.BeanCreationException: Error creating bean with name 'session' defined in class path resource [com/basket/app/config/CassandraConfig.class]: Bean instantiation via factory method failed; nested exception is org.springframework.beans.BeanInstantiationException: Failed to instantiate [com.datastax.driver.core.Session]: Factory method 'session' threw exception; nested exception is com.datastax.driver.core.exceptions.NoHostAvailableException: All host(s) tried for query failed (tried: /127.0.0.1:9042 (com.datastax.driver.core.exceptions.TransportException: [/127.0.0.1:9042] Cannot connect))
	at org.springframework.beans.factory.support.ConstructorResolver.createArgumentArray(ConstructorResolver.java:732)
	at org.springframework.beans.factory.support.ConstructorResolver.autowireConstructor(ConstructorResolver.java:197)
	at org.springframework.beans.factory.support.AbstractAutowireCapableBeanFactory.autowireConstructor(AbstractAutowireCapableBeanFactory.java:1267)
	at org.springframework.beans.factory.support.AbstractAutowireCapableBeanFactory.createBeanInstance(AbstractAutowireCapableBeanFactory.java:1124)
	at org.springframework.beans.factory.support.AbstractAutowireCapableBeanFactory.doCreateBean(AbstractAutowireCapableBeanFactory.java:535)
	at org.springframework.beans.factory.support.AbstractAutowireCapableBeanFactory.createBean(AbstractAutowireCapableBeanFactory.java:495)
	at org.springframework.beans.factory.support.AbstractBeanFactory.lambda$doGetBean$0(AbstractBeanFactory.java:317)
	at org.springframework.beans.factory.support.DefaultSingletonBeanRegistry.getSingleton(DefaultSingletonBeanRegistry.java:222)
	at org.springframework.beans.factory.support.AbstractBeanFactory.doGetBean(AbstractBeanFactory.java:315)
	at org.springframework.beans.factory.support.AbstractBeanFactory.getBean(AbstractBeanFactory.java:199)
	at org.springframework.beans.factory.config.DependencyDescriptor.resolveCandidate(DependencyDescriptor.java:251)
	at org.springframework.beans.factory.support.DefaultListableBeanFactory.doResolveDependency(DefaultListableBeanFactory.java:1135)
	at org.springframework.beans.factory.support.DefaultListableBeanFactory.resolveDependency(DefaultListableBeanFactory.java:1062)
	at org.springframework.beans.factory.annotation.AutowiredAnnotationBeanPostProcessor$AutowiredFieldElement.inject(AutowiredAnnotationBeanPostProcessor.java:583)
	... 51 common frames omitted
Caused by: org.springframework.beans.factory.UnsatisfiedDependencyException: Error creating bean with name 'mappingManager' defined in class path resource [com/basket/app/config/CassandraConfig.class]: Unsatisfied dependency expressed through method 'mappingManager' parameter 0; nested exception is org.springframework.beans.factory.BeanCreationException: Error creating bean with name 'session' defined in class path resource [com/basket/app/config/CassandraConfig.class]: Bean instantiation via factory method failed; nested exception is org.springframework.beans.BeanInstantiationException: Failed to instantiate [com.datastax.driver.core.Session]: Factory method 'session' threw exception; nested exception is com.datastax.driver.core.exceptions.NoHostAvailableException: All host(s) tried for query failed (tried: /127.0.0.1:9042 (com.datastax.driver.core.exceptions.TransportException: [/127.0.0.1:9042] Cannot connect))
	at org.springframework.beans.factory.support.ConstructorResolver.createArgumentArray(ConstructorResolver.java:732)
	at org.springframework.beans.factory.support.ConstructorResolver.instantiateUsingFactoryMethod(ConstructorResolver.java:474)
	at org.springframework.beans.factory.support.AbstractAutowireCapableBeanFactory.instantiateUsingFactoryMethod(AbstractAutowireCapableBeanFactory.java:1247)
	at org.springframework.beans.factory.support.AbstractAutowireCapableBeanFactory.createBeanInstance(AbstractAutowireCapableBeanFactory.java:1096)
	at org.springframework.beans.factory.support.AbstractAutowireCapableBeanFactory.doCreateBean(AbstractAutowireCapableBeanFactory.java:535)
	at org.springframework.beans.factory.support.AbstractAutowireCapableBeanFactory.createBean(AbstractAutowireCapableBeanFactory.java:495)
	at org.springframework.beans.factory.support.AbstractBeanFactory.lambda$doGetBean$0(AbstractBeanFactory.java:317)
	at org.springframework.beans.factory.support.DefaultSingletonBeanRegistry.getSingleton(DefaultSingletonBeanRegistry.java:222)
	at org.springframework.beans.factory.support.AbstractBeanFactory.doGetBean(AbstractBeanFactory.java:315)
	at org.springframework.beans.factory.support.AbstractBeanFactory.getBean(AbstractBeanFactory.java:199)
	at org.springframework.beans.factory.config.DependencyDescriptor.resolveCandidate(DependencyDescriptor.java:251)
	at org.springframework.beans.factory.support.DefaultListableBeanFactory.doResolveDependency(DefaultListableBeanFactory.java:1135)
	at org.springframework.beans.factory.support.DefaultListableBeanFactory.resolveDependency(DefaultListableBeanFactory.java:1062)
	at org.springframework.beans.factory.support.ConstructorResolver.resolveAutowiredArgument(ConstructorResolver.java:818)
	at org.springframework.beans.factory.support.ConstructorResolver.createArgumentArray(ConstructorResolver.java:724)
	... 64 common frames omitted
Caused by: org.springframework.beans.factory.BeanCreationException: Error creating bean with name 'session' defined in class path resource [com/basket/app/config/CassandraConfig.class]: Bean instantiation via factory method failed; nested exception is org.springframework.beans.BeanInstantiationException: Failed to instantiate [com.datastax.driver.core.Session]: Factory method 'session' threw exception; nested exception is com.datastax.driver.core.exceptions.NoHostAvailableException: All host(s) tried for query failed (tried: /127.0.0.1:9042 (com.datastax.driver.core.exceptions.TransportException: [/127.0.0.1:9042] Cannot connect))
	at org.springframework.beans.factory.support.ConstructorResolver.instantiateUsingFactoryMethod(ConstructorResolver.java:590)
	at org.springframework.beans.factory.support.AbstractAutowireCapableBeanFactory.instantiateUsingFactoryMethod(AbstractAutowireCapableBeanFactory.java:1247)
	at org.springframework.beans.factory.support.AbstractAutowireCapableBeanFactory.createBeanInstance(AbstractAutowireCapableBeanFactory.java:1096)
	at org.springframework.beans.factory.support.AbstractAutowireCapableBeanFactory.doCreateBean(AbstractAutowireCapableBeanFactory.java:535)
	at org.springframework.beans.factory.support.AbstractAutowireCapableBeanFactory.createBean(AbstractAutowireCapableBeanFactory.java:495)
	at org.springframework.beans.factory.support.AbstractBeanFactory.lambda$doGetBean$0(AbstractBeanFactory.java:317)
	at org.springframework.beans.factory.support.DefaultSingletonBeanRegistry.getSingleton(DefaultSingletonBeanRegistry.java:222)
	at org.springframework.beans.factory.support.AbstractBeanFactory.doGetBean(AbstractBeanFactory.java:315)
	at org.springframework.beans.factory.support.AbstractBeanFactory.getBean(AbstractBeanFactory.java:199)
	at org.springframework.beans.factory.config.DependencyDescriptor.resolveCandidate(DependencyDescriptor.java:251)
	at org.springframework.beans.factory.support.DefaultListableBeanFactory.doResolveDependency(DefaultListableBeanFactory.java:1135)
	at org.springframework.beans.factory.support.DefaultListableBeanFactory.resolveDependency(DefaultListableBeanFactory.java:1062)
	at org.springframework.beans.factory.support.ConstructorResolver.resolveAutowiredArgument(ConstructorResolver.java:818)
	at org.springframework.beans.factory.support.ConstructorResolver.createArgumentArray(ConstructorResolver.java:724)
	... 78 common frames omitted
Caused by: org.springframework.beans.BeanInstantiationException: Failed to instantiate [com.datastax.driver.core.Session]: Factory method 'session' threw exception; nested exception is com.datastax.driver.core.exceptions.NoHostAvailableException: All host(s) tried for query failed (tried: /127.0.0.1:9042 (com.datastax.driver.core.exceptions.TransportException: [/127.0.0.1:9042] Cannot connect))
	at org.springframework.beans.factory.support.SimpleInstantiationStrategy.instantiate(SimpleInstantiationStrategy.java:185)
	at org.springframework.beans.factory.support.ConstructorResolver.instantiateUsingFactoryMethod(ConstructorResolver.java:582)
	... 91 common frames omitted
Caused by: com.datastax.driver.core.exceptions.NoHostAvailableException: All host(s) tried for query failed (tried: /127.0.0.1:9042 (com.datastax.driver.core.exceptions.TransportException: [/127.0.0.1:9042] Cannot connect))
	at com.datastax.driver.core.ControlConnection.reconnectInternal(ControlConnection.java:232)
	at com.datastax.driver.core.ControlConnection.connect(ControlConnection.java:79)
	at com.datastax.driver.core.Cluster$Manager.negotiateProtocolVersionAndConnect(Cluster.java:1619)
	at com.datastax.driver.core.Cluster$Manager.init(Cluster.java:1537)
	at com.datastax.driver.core.Cluster.init(Cluster.java:159)
	at com.datastax.driver.core.Cluster.connectAsync(Cluster.java:330)
	at com.datastax.driver.core.Cluster.connectAsync(Cluster.java:305)
	at com.datastax.driver.core.Cluster.connect(Cluster.java:247)
	at com.basket.app.config.CassandraConfig.session(CassandraConfig.java:50)
	at com.basket.app.config.CassandraConfig$$EnhancerBySpringCGLIB$$c4b633d4.CGLIB$session$1(<generated>)
	at com.basket.app.config.CassandraConfig$$EnhancerBySpringCGLIB$$c4b633d4$$FastClassBySpringCGLIB$$78c0f268.invoke(<generated>)
	at org.springframework.cglib.proxy.MethodProxy.invokeSuper(MethodProxy.java:228)
	at org.springframework.context.annotation.ConfigurationClassEnhancer$BeanMethodInterceptor.intercept(ConfigurationClassEnhancer.java:365)
	at com.basket.app.config.CassandraConfig$$EnhancerBySpringCGLIB$$c4b633d4.session(<generated>)
	at java.base/jdk.internal.reflect.NativeMethodAccessorImpl.invoke0(Native Method)
	at java.base/jdk.internal.reflect.NativeMethodAccessorImpl.invoke(NativeMethodAccessorImpl.java:62)
	at java.base/jdk.internal.reflect.DelegatingMethodAccessorImpl.invoke(DelegatingMethodAccessorImpl.java:43)
	at java.base/java.lang.reflect.Method.invoke(Method.java:566)
	at org.springframework.beans.factory.support.SimpleInstantiationStrategy.instantiate(SimpleInstantiationStrategy.java:154)
	... 92 common frames omitted
